Date : 19/05/2014 11:38:33 pm
Message :  - MembreRepository::loadUserByUsername(ju@u.com)

Date : 19/05/2014 11:38:45 pm
Message :  - MembreRepository::loadUserByUsername(ju@ju.com)

Date : 19/05/2014 11:40:05 pm
Message :  - MembreRepository::loadUserByUsername(ju@ju.com)

Date : 19/05/2014 11:44:36 pm
Message :  - MembreRepository::loadUserByUsername(ju@ju.com)

Date : 19/05/2014 11:44:36 pm
Message :  - Membre::serialize()

Date : 19/05/2014 11:44:37 pm
Message :  - Membre::serialize()

======================================
Date : 19/05/2014 11:46:57 pm
Message :  - MembreRepository::loadUserByUsername(ju@ju.com)

Date : 19/05/2014 11:46:57 pm
Message :  - Membre::serialize()

Date : 19/05/2014 11:46:57 pm
Message :  - Membre::serialize()

Date : 19/05/2014 11:49:04 pm
Message :  - MembreRepository::refreshUser(UserInterface '[Membre]:<nom>:<prenom>:<username>:')
 - Design\InitializrBundle\Entity\Membre

Date : 19/05/2014 11:49:04 pm
Message :  - MembreRepository::loadUserByUsername()

Date : 19/05/2014 11:49:04 pm
Message :  - MembreRepository::loadUserByUsername(ju@ju.com)

Date : 19/05/2014 11:49:04 pm
Message :  - Membre::serialize()

Date : 19/05/2014 11:49:05 pm
Message :  - Membre::serialize()

Date : 20/05/2014 12:17:03 am
Message :  - MembreRepository::loadUserByUsername(ju@ju.com)

Date : 20/05/2014 12:17:03 am
Message :  - Membre::serialize()

Date : 20/05/2014 12:17:24 am
Message :  - MembreRepository::loadUserByUsername(ju@ju.com)

Date : 20/05/2014 12:17:24 am
Message :  - Membre::serialize()

=======================================
Date : 20/05/2014 12:17:57 am
Message :  - MembreRepository::loadUserByUsername(ju@ju.com)

Date : 20/05/2014 12:17:57 am
Message :  - Membre::serialize()

Date : 20/05/2014 12:26:36 am
Message :  - MembreRepository::loadUserByUsername(ju@ju.com)

Date : 20/05/2014 12:26:36 am
Message :  - Membre::serialize()

======================================

Date : 20/05/2014 12:33:44 am
Message :  - MembreRepository::loadUserByUsername(ju@ju.com)
 - classe: Design\InitializrBundle\Entity\Membre

Date : 20/05/2014 12:33:44 am
Message :  - Membre::serialize()

====================================

Date : 20/05/2014 12:36:54 am
Message :  - MembreRepository::loadUserByUsername(ju@ju.com)
 - classe: Design\InitializrBundle\Entity\Membre - toString: [Membre]:<nom>:merion<prenom>:julien<username>:ju@ju.com

Date : 20/05/2014 12:36:54 am
Message :  - Membre::serialize()

Date : 20/05/2014 12:36:55 am
Message :  - MembreRepository::refreshUser(UserInterface '[Membre]:null')
 - classe: Design\InitializrBundle\Entity\Membre - salt:32e2a43945895042b90edba9a38c9306

Date : 20/05/2014 12:36:55 am
Message :  - MembreRepository::loadUserBySalt('32e2a43945895042b90edba9a38c9306')

==================================

Date : 20/05/2014 12:48:10 am
Message :  - MembreRepository::loadUserByUsername(ju@ju.com)
 - classe: Design\InitializrBundle\Entity\Membre
 - toString: [Membre]:<nom>:merion<prenom>:julien<username>:ju@ju.com

Date : 20/05/2014 12:48:10 am
Message :  - Membre::serialize()
 - tostring: [Membre]:<nom>:merion<prenom>:julien<username>:ju@ju.com

Date : 20/05/2014 12:48:10 am
Message :  - MembreRepository::refreshUser(UserInterface '[Membre]:null')
 - classe: Design\InitializrBundle\Entity\Membre - salt:32e2a43945895042b90edba9a38c9306

Date : 20/05/2014 12:48:10 am
Message :  - MembreRepository::loadUserBySalt('32e2a43945895042b90edba9a38c9306')

=======================================

Date : 20/05/2014 12:52:19 am
Message :  - MembreRepository::loadUserByUsername(ju@ju.com)
 - classe: Design\InitializrBundle\Entity\Membre
 - toString: [Membre]:<nom>:merion<prenom>:julien<username>:ju@ju.com

Date : 20/05/2014 12:52:19 am
Message :  - Membre::serialize()
 - tostring: [Membre]:<nom>:merion<prenom>:julien<username>:ju@ju.com

Date : 20/05/2014 12:52:19 am
Message :  - Membre::serialize()
 - tostring: [Membre]:<nom>:merion<prenom>:julien<username>:ju@ju.com

===============================

Date : 20/05/2014 12:59:31 am
Message :  - MembreRepository::refreshUser(UserInterface '[Membre]:<nom>:<prenom>:<username>:')
 - classe: Design\InitializrBundle\Entity\Membre - salt:

Date : 20/05/2014 01:00:03 am
Message :  - MembreRepository::loadUserByUsername(ju@ju.com)
 - classe: Design\InitializrBundle\Entity\Membre
 - toString: [Membre]:<nom>:merion<prenom>:julien<username>:ju@ju.com

Date : 20/05/2014 01:00:03 am
Message :  - Membre::serialize()
 - tostring: [Membre]:<nom>:merion<prenom>:julien<username>:ju@ju.com

Date : 20/05/2014 01:00:04 am
Message :  - Membre::serialize()
 - tostring: [Membre]:<nom>:merion<prenom>:julien<username>:ju@ju.com

Date : 20/05/2014 01:01:47 am
Message :  - MembreRepository::refreshUser(UserInterface '[Membre]:null')
 - classe: Design\InitializrBundle\Entity\Membre - salt:

==========================================

Date : 20/05/2014 01:07:45 am
Message :  - MembreRepository::loadUserByUsername(ju@ju.com)
 - classe: Design\InitializrBundle\Entity\Membre
 - toString: [Membre]:<nom>:merion<prenom>:julien<username>:ju@ju.com

Date : 20/05/2014 01:07:45 am
Message :  - Membre::serialize()
 - tostring: [Membre]:<nom>:merion<prenom>:julien<username>:ju@ju.com

================================

Date : 20/05/2014 01:12:11 am
Message :  - MembreRepository::loadUserByUsername(ju@ju.com)
 - classe: Design\InitializrBundle\Entity\Membre
 - toString: [Membre]:<nom>:merion<prenom>:julien<username>:ju@ju.com

Date : 20/05/2014 01:12:11 am
Message :  - Membre::serialize()
 - tostring: [Membre]:<nom>:merion<prenom>:julien<username>:ju@ju.com

Date : 20/05/2014 01:12:12 am
Message :  - Membre::unserialize()
 - tostring: [Membre]:null

Date : 20/05/2014 01:12:12 am
Message :  - MembreRepository::refreshUser(UserInterface '[Membre]:null')
 - classe: Design\InitializrBundle\Entity\Membre - salt:32e2a43945895042b90edba9a38c9306

================================

Date : 20/05/2014 01:16:38 am
Message :  - MembreRepository::loadUserByUsername(ju@ju.com)
 - classe: Design\InitializrBundle\Entity\Membre
 - toString: [Membre]:<nom>:merion<prenom>:julien<username>:ju@ju.com

Date : 20/05/2014 01:16:38 am
Message :  - Membre::serialize()
 - tostring: [Membre]:<nom>:merion<prenom>:julien<username>:ju@ju.com

Date : 20/05/2014 01:16:39 am
Message :  - Membre::unserialize()
 - tostring: [Membre]:null

Date : 20/05/2014 01:16:39 am
Message :  - MembreRepository::refreshUser(UserInterface '[Membre]:null')
 - classe: Design\InitializrBundle\Entity\Membre - salt:32e2a43945895042b90edba9a38c9306

Date : 20/05/2014 01:16:39 am
Message :  - MembreRepository::loadUserBySalt('32e2a43945895042b90edba9a38c9306')
 - classe: Design\InitializrBundle\Entity\Membre
 - toString: [Membre]:<nom>:merion<prenom>:julien<username>:ju@ju.com

================================

Date : 20/05/2014 01:40:06 am
Message :  - MembreRepository::loadUserByUsername(ju@ju.com)
 - classe: Design\InitializrBundle\Entity\Membre
 - toString: [Membre]:<nom>:merion<prenom>:julien<username>:ju@ju.com

Date : 20/05/2014 01:40:06 am
Message :  - Membre::serialize()
 - tostring: [Membre]:<nom>:merion<prenom>:julien<username>:ju@ju.com

Date : 20/05/2014 01:40:06 am
Message :  - Membre::unserialize()
 - tostring: [Membre]:null

Date : 20/05/2014 01:40:06 am
Message :  - MembreRepository::refreshUser(UserInterface '[Membre]:null')
 - classe: Design\InitializrBundle\Entity\Membre - salt:32e2a43945895042b90edba9a38c9306

Date : 20/05/2014 01:40:06 am
Message :  - MembreRepository::loadUserBySalt('32e2a43945895042b90edba9a38c9306')
 - classe: Design\InitializrBundle\Entity\Membre
 - toString: [Membre]:<nom>:merion<prenom>:julien<username>:ju@ju.com

Date : 20/05/2014 01:44:03 am
Message :  - MembreRepository::loadUserByUsername(ju@ju.com)
 - classe: Design\InitializrBundle\Entity\Membre
 - toString: [Membre]:<nom>:merion<prenom>:julien<username>:ju@ju.com

Date : 20/05/2014 01:44:03 am
Message :  - Membre::serialize()
 - tostring: [Membre]:<nom>:merion<prenom>:julien<username>:ju@ju.com

===================================================

Date : 20/05/2014 01:45:34 am
Message :  - MembreRepository::loadUserByUsername(ju@ju.com)
 - classe: Design\InitializrBundle\Entity\Membre
 - toString: [Membre]:<nom>:merion<prenom>:julien<username>:ju@ju.com

Date : 20/05/2014 01:45:34 am
Message :  - Membre::serialize()
 - tostring: [Membre]:<nom>:merion<prenom>:julien<username>:ju@ju.com

Date : 20/05/2014 01:45:34 am
Message :  - Membre::unserialize()
 - tostring: [Membre]:null
 - tostring: a:1:{i:0;s:32:"32e2a43945895042b90edba9a38c9306";}

Date : 20/05/2014 01:45:34 am
Message :  - MembreRepository::refreshUser(UserInterface '[Membre]:null')
 - classe: Design\InitializrBundle\Entity\Membre - salt:32e2a43945895042b90edba9a38c9306

Date : 20/05/2014 01:45:34 am
Message :  - MembreRepository::loadUserBySalt('32e2a43945895042b90edba9a38c9306')
 - classe: Design\InitializrBundle\Entity\Membre
 - toString: [Membre]:<nom>:merion<prenom>:julien<username>:ju@ju.com

Date : 20/05/2014 01:48:11 am
Message :  - MembreRepository::loadUserByUsername(ju@ju.com)
 - classe: Design\InitializrBundle\Entity\Membre
 - toString: [Membre]:<nom>:merion<prenom>:julien<username>:ju@ju.com

Date : 20/05/2014 01:48:11 am
Message :  - Membre::serialize()
 - tostring: [Membre]:<nom>:merion<prenom>:julien<username>:ju@ju.com

Date : 20/05/2014 01:48:11 am
Message :  - Membre::unserialize()
 - tostring: [Membre]:null
 - tostring: a:1:{i:0;s:32:"32e2a43945895042b90edba9a38c9306";}

Date : 20/05/2014 01:48:11 am
Message :  - MembreRepository::refreshUser(UserInterface '[Membre]:null')
 - classe: Design\InitializrBundle\Entity\Membre - salt:32e2a43945895042b90edba9a38c9306

Date : 20/05/2014 01:48:12 am
Message :  - MembreRepository::loadUserBySalt('32e2a43945895042b90edba9a38c9306')
 - classe: Design\InitializrBundle\Entity\Membre
 - toString: [Membre]:<nom>:merion<prenom>:julien<username>:ju@ju.com

Date : 20/05/2014 01:48:12 am
Message :  - Membre::serialize()
 - tostring: [Membre]:<nom>:merion<prenom>:julien<username>:ju@ju.com

Date : 20/05/2014 01:48:57 am
Message :  - Membre::unserialize()
 - tostring: [Membre]:null
 - tostring: a:1:{i:0;s:32:"32e2a43945895042b90edba9a38c9306";}

Date : 20/05/2014 01:48:57 am
Message :  - MembreRepository::refreshUser(UserInterface '[Membre]:null')
 - classe: Design\InitializrBundle\Entity\Membre - salt:32e2a43945895042b90edba9a38c9306

Date : 20/05/2014 01:48:57 am
Message :  - MembreRepository::loadUserBySalt('32e2a43945895042b90edba9a38c9306')
 - classe: Design\InitializrBundle\Entity\Membre
 - toString: [Membre]:<nom>:merion<prenom>:julien<username>:ju@ju.com

Date : 20/05/2014 02:08:15 am
Message :  - MembreRepository::loadUserByUsername(ju@ju.com)
 - classe: Design\InitializrBundle\Entity\Membre
 - toString: [Membre]:<nom>:merion<prenom>:julien<username>:ju@ju.com

Date : 20/05/2014 02:08:15 am
Message :  - Membre::serialize()
 - tostring: [Membre]:<nom>:merion<prenom>:julien<username>:ju@ju.com

Date : 20/05/2014 02:08:16 am
Message :  - Membre::unserialize()
 - tostring: [Membre]:null
 - tostring: a:1:{i:0;s:32:"32e2a43945895042b90edba9a38c9306";}

Date : 20/05/2014 02:08:16 am
Message :  - MembreRepository::refreshUser(UserInterface '[Membre]:null')
 - classe: Design\InitializrBundle\Entity\Membre - salt:32e2a43945895042b90edba9a38c9306

Date : 20/05/2014 02:08:16 am
Message :  - MembreRepository::loadUserBySalt('32e2a43945895042b90edba9a38c9306')
 - classe: Design\InitializrBundle\Entity\Membre
 - toString: [Membre]:<nom>:merion<prenom>:julien<username>:ju@ju.com

Date : 20/05/2014 02:08:16 am
Message :  - Membre::serialize()
 - tostring: [Membre]:<nom>:merion<prenom>:julien<username>:ju@ju.com

Date : 20/05/2014 02:11:17 am
Message :  - Membre::unserialize()
 - tostring: [Membre]:null
 - tostring: a:1:{i:0;s:32:"32e2a43945895042b90edba9a38c9306";}

Date : 20/05/2014 02:11:17 am
Message :  - MembreRepository::refreshUser(UserInterface '[Membre]:null')
 - classe: Design\InitializrBundle\Entity\Membre - salt:32e2a43945895042b90edba9a38c9306

Date : 20/05/2014 02:11:17 am
Message :  - MembreRepository::loadUserBySalt('32e2a43945895042b90edba9a38c9306')
 - classe: Design\InitializrBundle\Entity\Membre
 - toString: [Membre]:<nom>:merion<prenom>:julien<username>:ju@ju.com

Date : 20/05/2014 02:11:18 am
Message :  - Membre::serialize()
 - tostring: [Membre]:<nom>:merion<prenom>:julien<username>:ju@ju.com

Date : 20/05/2014 02:11:21 am
Message :  - Membre::unserialize()
 - tostring: [Membre]:null
 - tostring: a:1:{i:0;s:32:"32e2a43945895042b90edba9a38c9306";}

Date : 20/05/2014 02:11:21 am
Message :  - MembreRepository::refreshUser(UserInterface '[Membre]:null')
 - classe: Design\InitializrBundle\Entity\Membre - salt:32e2a43945895042b90edba9a38c9306

Date : 20/05/2014 02:11:22 am
Message :  - MembreRepository::loadUserBySalt('32e2a43945895042b90edba9a38c9306')
 - classe: Design\InitializrBundle\Entity\Membre
 - toString: [Membre]:<nom>:merion<prenom>:julien<username>:ju@ju.com

Date : 20/05/2014 02:11:22 am
Message :  - Membre::serialize()
 - tostring: [Membre]:<nom>:merion<prenom>:julien<username>:ju@ju.com

Date : 20/05/2014 02:11:29 am
Message :  - Membre::unserialize()
 - tostring: [Membre]:null
 - tostring: a:1:{i:0;s:32:"32e2a43945895042b90edba9a38c9306";}

Date : 20/05/2014 02:11:29 am
Message :  - MembreRepository::refreshUser(UserInterface '[Membre]:null')
 - classe: Design\InitializrBundle\Entity\Membre - salt:32e2a43945895042b90edba9a38c9306

Date : 20/05/2014 02:11:29 am
Message :  - MembreRepository::loadUserBySalt('32e2a43945895042b90edba9a38c9306')
 - classe: Design\InitializrBundle\Entity\Membre
 - toString: [Membre]:<nom>:merion<prenom>:julien<username>:ju@ju.com

Date : 20/05/2014 02:11:30 am
Message :  - Membre::serialize()
 - tostring: [Membre]:<nom>:merion<prenom>:julien<username>:ju@ju.com

Date : 20/05/2014 02:12:37 am
Message :  - Membre::unserialize()
 - tostring: [Membre]:null
 - tostring: a:1:{i:0;s:32:"32e2a43945895042b90edba9a38c9306";}

Date : 20/05/2014 02:12:37 am
Message :  - MembreRepository::refreshUser(UserInterface '[Membre]:null')
 - classe: Design\InitializrBundle\Entity\Membre - salt:32e2a43945895042b90edba9a38c9306

Date : 20/05/2014 02:12:38 am
Message :  - MembreRepository::loadUserBySalt('32e2a43945895042b90edba9a38c9306')
 - classe: Design\InitializrBundle\Entity\Membre
 - toString: [Membre]:<nom>:merion<prenom>:julien<username>:ju@ju.com

Date : 20/05/2014 02:12:38 am
Message :  - Membre::serialize()
 - tostring: [Membre]:<nom>:merion<prenom>:julien<username>:ju@ju.com

Date : 20/05/2014 02:12:42 am
Message :  - Membre::unserialize()
 - tostring: [Membre]:null
 - tostring: a:1:{i:0;s:32:"32e2a43945895042b90edba9a38c9306";}

Date : 20/05/2014 02:12:42 am
Message :  - MembreRepository::refreshUser(UserInterface '[Membre]:null')
 - classe: Design\InitializrBundle\Entity\Membre - salt:32e2a43945895042b90edba9a38c9306

Date : 20/05/2014 02:12:43 am
Message :  - MembreRepository::loadUserBySalt('32e2a43945895042b90edba9a38c9306')
 - classe: Design\InitializrBundle\Entity\Membre
 - toString: [Membre]:<nom>:merion<prenom>:julien<username>:ju@ju.com

Date : 20/05/2014 02:12:43 am
Message :  - Membre::serialize()
 - tostring: [Membre]:<nom>:merion<prenom>:julien<username>:ju@ju.com

Date : 20/05/2014 02:15:42 am
Message :  - Membre::unserialize()
 - tostring: [Membre]:null
 - tostring: a:1:{i:0;s:32:"32e2a43945895042b90edba9a38c9306";}

Date : 20/05/2014 02:15:42 am
Message :  - MembreRepository::refreshUser(UserInterface '[Membre]:null')
 - classe: Design\InitializrBundle\Entity\Membre - salt:32e2a43945895042b90edba9a38c9306

Date : 20/05/2014 02:15:42 am
Message :  - MembreRepository::loadUserBySalt('32e2a43945895042b90edba9a38c9306')
 - classe: Design\InitializrBundle\Entity\Membre
 - toString: [Membre]:<nom>:merion<prenom>:julien<username>:ju@ju.com

Date : 20/05/2014 02:15:42 am
Message :  - Membre::serialize()
 - tostring: [Membre]:<nom>:merion<prenom>:julien<username>:ju@ju.com

Date : 20/05/2014 02:15:50 am
Message :  - Membre::unserialize()
 - tostring: [Membre]:null
 - tostring: a:1:{i:0;s:32:"32e2a43945895042b90edba9a38c9306";}

Date : 20/05/2014 02:15:50 am
Message :  - MembreRepository::refreshUser(UserInterface '[Membre]:null')
 - classe: Design\InitializrBundle\Entity\Membre - salt:32e2a43945895042b90edba9a38c9306

Date : 20/05/2014 02:15:50 am
Message :  - MembreRepository::loadUserBySalt('32e2a43945895042b90edba9a38c9306')
 - classe: Design\InitializrBundle\Entity\Membre
 - toString: [Membre]:<nom>:merion<prenom>:julien<username>:ju@ju.com

Date : 20/05/2014 02:15:50 am
Message :  - Membre::serialize()
 - tostring: [Membre]:<nom>:merion<prenom>:julien<username>:ju@ju.com

Date : 20/05/2014 02:15:59 am
Message :  - Membre::unserialize()
 - tostring: [Membre]:null
 - tostring: a:1:{i:0;s:32:"32e2a43945895042b90edba9a38c9306";}

Date : 20/05/2014 02:15:59 am
Message :  - MembreRepository::refreshUser(UserInterface '[Membre]:null')
 - classe: Design\InitializrBundle\Entity\Membre - salt:32e2a43945895042b90edba9a38c9306

Date : 20/05/2014 02:15:59 am
Message :  - MembreRepository::loadUserBySalt('32e2a43945895042b90edba9a38c9306')
 - classe: Design\InitializrBundle\Entity\Membre
 - toString: [Membre]:<nom>:merion<prenom>:julien<username>:ju@ju.com

Date : 20/05/2014 02:15:59 am
Message :  - Membre::serialize()
 - tostring: [Membre]:<nom>:merion<prenom>:julien<username>:ju@ju.com

Date : 20/05/2014 02:16:14 am
Message :  - Membre::unserialize()
 - tostring: [Membre]:null
 - tostring: a:1:{i:0;s:32:"32e2a43945895042b90edba9a38c9306";}

Date : 20/05/2014 02:16:14 am
Message :  - MembreRepository::refreshUser(UserInterface '[Membre]:null')
 - classe: Design\InitializrBundle\Entity\Membre - salt:32e2a43945895042b90edba9a38c9306

Date : 20/05/2014 02:16:14 am
Message :  - MembreRepository::loadUserBySalt('32e2a43945895042b90edba9a38c9306')
 - classe: Design\InitializrBundle\Entity\Membre
 - toString: [Membre]:<nom>:merion<prenom>:julien<username>:ju@ju.com

Date : 20/05/2014 02:17:15 am
Message :  - MembreRepository::loadUserByUsername(ju@ju.com)
 - classe: Design\InitializrBundle\Entity\Membre
 - toString: [Membre]:<nom>:merion<prenom>:julien<username>:ju@ju.com

Date : 20/05/2014 02:17:15 am
Message :  - Membre::serialize()
 - tostring: [Membre]:<nom>:merion<prenom>:julien<username>:ju@ju.com

Date : 20/05/2014 02:17:16 am
Message :  - Membre::unserialize()
 - tostring: [Membre]:null
 - tostring: a:1:{i:0;s:32:"32e2a43945895042b90edba9a38c9306";}

Date : 20/05/2014 02:17:16 am
Message :  - MembreRepository::refreshUser(UserInterface '[Membre]:null')
 - classe: Design\InitializrBundle\Entity\Membre - salt:32e2a43945895042b90edba9a38c9306

Date : 20/05/2014 02:17:16 am
Message :  - MembreRepository::loadUserBySalt('32e2a43945895042b90edba9a38c9306')
 - classe: Design\InitializrBundle\Entity\Membre
 - toString: [Membre]:<nom>:merion<prenom>:julien<username>:ju@ju.com

Date : 20/05/2014 02:17:16 am
Message :  - Membre::serialize()
 - tostring: [Membre]:<nom>:merion<prenom>:julien<username>:ju@ju.com

Date : 20/05/2014 02:17:19 am
Message :  - Membre::unserialize()
 - tostring: [Membre]:null
 - tostring: a:1:{i:0;s:32:"32e2a43945895042b90edba9a38c9306";}

Date : 20/05/2014 02:17:19 am
Message :  - MembreRepository::refreshUser(UserInterface '[Membre]:null')
 - classe: Design\InitializrBundle\Entity\Membre - salt:32e2a43945895042b90edba9a38c9306

Date : 20/05/2014 02:17:19 am
Message :  - MembreRepository::loadUserBySalt('32e2a43945895042b90edba9a38c9306')
 - classe: Design\InitializrBundle\Entity\Membre
 - toString: [Membre]:<nom>:merion<prenom>:julien<username>:ju@ju.com

Date : 20/05/2014 02:17:19 am
Message :  - Membre::serialize()
 - tostring: [Membre]:<nom>:merion<prenom>:julien<username>:ju@ju.com

Date : 20/05/2014 02:17:22 am
Message :  - Membre::unserialize()
 - tostring: [Membre]:null
 - tostring: a:1:{i:0;s:32:"32e2a43945895042b90edba9a38c9306";}

Date : 20/05/2014 02:17:22 am
Message :  - MembreRepository::refreshUser(UserInterface '[Membre]:null')
 - classe: Design\InitializrBundle\Entity\Membre - salt:32e2a43945895042b90edba9a38c9306

Date : 20/05/2014 02:17:22 am
Message :  - MembreRepository::loadUserBySalt('32e2a43945895042b90edba9a38c9306')
 - classe: Design\InitializrBundle\Entity\Membre
 - toString: [Membre]:<nom>:merion<prenom>:julien<username>:ju@ju.com

Date : 20/05/2014 02:17:23 am
Message :  - Membre::serialize()
 - tostring: [Membre]:<nom>:merion<prenom>:julien<username>:ju@ju.com

Date : 20/05/2014 02:17:29 am
Message :  - Membre::unserialize()
 - tostring: [Membre]:null
 - tostring: a:1:{i:0;s:32:"32e2a43945895042b90edba9a38c9306";}

Date : 20/05/2014 02:17:29 am
Message :  - MembreRepository::refreshUser(UserInterface '[Membre]:null')
 - classe: Design\InitializrBundle\Entity\Membre - salt:32e2a43945895042b90edba9a38c9306

Date : 20/05/2014 02:17:30 am
Message :  - MembreRepository::loadUserBySalt('32e2a43945895042b90edba9a38c9306')
 - classe: Design\InitializrBundle\Entity\Membre
 - toString: [Membre]:<nom>:merion<prenom>:julien<username>:ju@ju.com

